Removed Pin From Net: NetName=GND Pin=C16-1
Removed Pin From Net: NetName=GND Pin=C17-1
Removed Pin From Net: NetName=GND Pin=C20-1
Removed Pin From Net: NetName=GND Pin=C21-1
Removed Pin From Net: NetName=GND Pin=C22-2
Removed Pin From Net: NetName=LEDA Pin=J3-9
Removed Pin From Net: NetName=GND Pin=J3-10
Removed Pin From Net: NetName=GND Pin=J3-11
Removed Pin From Net: NetName=LEDB Pin=J3-12
Removed Pin From Net: NetName=GND Pin=J3-13
Removed Pin From Net: NetName=GND Pin=J3-13
Removed Pin From Net: NetName=GND Pin=J4-0
Removed Pin From Net: NetName=GND Pin=J4-0
Removed Pin From Net: NetName=GND Pin=J4-0
Removed Pin From Net: NetName=GND Pin=J4-0
Removed Pin From Net: NetName=GND Pin=J4-5
Removed Pin From Net: NetName=GND Pin=P3-2
Removed Pin From Net: NetName=GND Pin=U4-1
Removed Member From Class: ClassName=stm32+enc28 Member=C16
Removed Member From Class: ClassName=stm32+enc28 Member=C17
Removed Member From Class: ClassName=stm32+enc28 Member=C20
Removed Member From Class: ClassName=stm32+enc28 Member=C21
Removed Member From Class: ClassName=stm32+enc28 Member=C22
Removed Member From Class: ClassName=stm32+enc28 Member=D1
Removed Member From Class: ClassName=stm32+enc28 Member=J3
Removed Member From Class: ClassName=stm32+enc28 Member=J4
Removed Member From Class: ClassName=stm32+enc28 Member=P3
Removed Member From Class: ClassName=stm32+enc28 Member=P4
Removed Member From Class: ClassName=stm32+enc28 Member=Q21
Removed Member From Class: ClassName=stm32+enc28 Member=Q24
Removed Member From Class: ClassName=stm32+enc28 Member=R15
Removed Member From Class: ClassName=stm32+enc28 Member=R16
Removed Member From Class: ClassName=stm32+enc28 Member=R17
Removed Member From Class: ClassName=stm32+enc28 Member=R18
Removed Member From Class: ClassName=stm32+enc28 Member=R20
Removed Member From Class: ClassName=stm32+enc28 Member=U4
Removed Member From Class: ClassName=stm32+enc28 Member=Y3
Added Room: Name=stm32+enc28
