Removed Pin From Net: NetName=GND Pin=C2-2
Removed Pin From Net: NetName=GND Pin=C5-1
Removed Pin From Net: NetName=NetC6_1 Pin=C6-1
Removed Pin From Net: NetName=GND Pin=C6-2
Removed Pin From Net: NetName=VCC3P3 Pin=C7-1
Removed Pin From Net: NetName=GND Pin=C7-2
Removed Pin From Net: NetName=VCC3P3 Pin=C8-1
Removed Pin From Net: NetName=GND Pin=C8-2
Removed Pin From Net: NetName=NetC6_1 Pin=C9-1
Removed Pin From Net: NetName=VCC3P3 Pin=C10-1
Removed Pin From Net: NetName=NetC6_1 Pin=D2-2
Removed Pin From Net: NetName=GND Pin=P1-2
Removed Pin From Net: NetName=LEDA Pin=P2-1
Removed Pin From Net: NetName=LEDB Pin=P2-2
Removed Pin From Net: NetName=TPIN+ Pin=P2-3
Removed Pin From Net: NetName=TPIN- Pin=P2-4
Removed Pin From Net: NetName=TPOUT- Pin=P2-5
Removed Pin From Net: NetName=TPOUT+ Pin=P2-6
Removed Pin From Net: NetName=TCT Pin=P2-7
Removed Pin From Net: NetName=TPIN- Pin=R6-1
Removed Pin From Net: NetName=LEDA Pin=R7-1
Removed Pin From Net: NetName=LEDB Pin=R8-1
Removed Pin From Net: NetName=GND Pin=R9-2
Removed Pin From Net: NetName=BOOT0 Pin=R10-2
Removed Pin From Net: NetName=T_RST Pin=R11-1
Removed Pin From Net: NetName=VCC3P3 Pin=R11-2
Removed Pin From Net: NetName=GND Pin=R14-1
Removed Pin From Net: NetName=PB2 Pin=R14-2
Removed Pin From Net: NetName=PA13 Pin=R19-2
Removed Pin From Net: NetName=T_RST Pin=R21-2
Removed Pin From Net: NetName=PA14 Pin=R22-2
Removed Pin From Net: NetName=PA15 Pin=R23-2
Removed Pin From Net: NetName=PB3 Pin=R24-2
Removed Pin From Net: NetName=PB4 Pin=R25-2
Removed Pin From Net: NetName=PB10 Pin=R27-2
Removed Pin From Net: NetName=PB11 Pin=R28-2
Removed Pin From Net: NetName=GND Pin=U1-2
Removed Pin From Net: NetName=CLKOUT Pin=U1-3
Removed Pin From Net: NetName=INT(PB0) Pin=U1-4
Removed Pin From Net: NetName=WOL Pin=U1-5
Removed Pin From Net: NetName=S2_MISO Pin=U1-6
Removed Pin From Net: NetName=S2_MOSI Pin=U1-7
Removed Pin From Net: NetName=S2_CLK Pin=U1-8
Removed Pin From Net: NetName=CS Pin=U1-9
Removed Pin From Net: NetName=RST Pin=U1-10
Removed Pin From Net: NetName=GND Pin=U1-11
Removed Pin From Net: NetName=TPIN- Pin=U1-12
Removed Pin From Net: NetName=TPIN+ Pin=U1-13
Removed Pin From Net: NetName=VCC3P3 Pin=U1-15
Removed Pin From Net: NetName=TPOUT- Pin=U1-16
Removed Pin From Net: NetName=TPOUT+ Pin=U1-17
Removed Pin From Net: NetName=GND Pin=U1-18
Removed Pin From Net: NetName=VCC3P3 Pin=U1-19
Removed Pin From Net: NetName=VCC3P3 Pin=U1-20
Removed Pin From Net: NetName=GND Pin=U1-21
Removed Pin From Net: NetName=GND Pin=U1-22
Removed Pin From Net: NetName=VCC3P3 Pin=U1-25
Removed Pin From Net: NetName=VCC3P3 Pin=U1-28
Removed Pin From Net: NetName=GND Pin=U2-1
Removed Pin From Net: NetName=VCC3P3 Pin=U2-2
Removed Pin From Net: NetName=NetC6_1 Pin=U2-3
Removed Pin From Net: NetName=VCC3P3 Pin=U2-4
Removed Pin From Net: NetName=NetR13_2 Pin=U3-30
Removed Member From Class: ClassName=stm32+enc28 Member=P1
Removed Member From Class: ClassName=stm32+enc28 Member=P1
Removed Member From Class: ClassName=stm32+enc28 Member=P1
Removed Member From Class: ClassName=stm32+enc28 Member=P2
Removed Member From Class: ClassName=stm32+enc28 Member=P2
Removed Member From Class: ClassName=stm32+enc28 Member=P2
Removed Member From Class: ClassName=stm32+enc28 Member=R28
Removed Member From Class: ClassName=stm32+enc28 Member=R28
Removed Member From Class: ClassName=stm32+enc28 Member=R28
Change Component Footprint: Designator=C1 Old Footprint=0603 New Footprint=0805
Change Component Footprint: Designator=C2 Old Footprint=0603 New Footprint=0805
Change Component Footprint: Designator=C4 Old Footprint=0603 New Footprint=0805
Change Component Footprint: Designator=C11 Old Footprint=0603 New Footprint=0805
Change Component Footprint: Designator=C12 Old Footprint=0603 New Footprint=0805
Change Component Footprint: Designator=C13 Old Footprint=0603 New Footprint=0805
Change Component Footprint: Designator=C14 Old Footprint=0603 New Footprint=0805
Change Component Footprint: Designator=R1 Old Footprint=0603 New Footprint=0805
Change Component Footprint: Designator=R2 Old Footprint=0603 New Footprint=0805
Change Component Footprint: Designator=R3 Old Footprint=0603 New Footprint=0805
Change Component Footprint: Designator=R4 Old Footprint=0603 New Footprint=0805
Change Component Footprint: Designator=R5 Old Footprint=0603 New Footprint=0805
Change Component Footprint: Designator=R6 Old Footprint=0603 New Footprint=0805
Change Component Footprint: Designator=R7 Old Footprint=0603 New Footprint=0805
Change Component Footprint: Designator=R9 Old Footprint=0603 New Footprint=0805
Change Component Footprint: Designator=R10 Old Footprint=0603 New Footprint=0805
Change Component Footprint: Designator=R11 Old Footprint=0603 New Footprint=0805
Change Component Footprint: Designator=R12 Old Footprint=0603 New Footprint=0805
Change Component Footprint: Designator=R13 Old Footprint=0603 New Footprint=0805
Change Component Footprint: Designator=R14 Old Footprint=0603 New Footprint=0805
Change Component Footprint: Designator=R19 Old Footprint=0603 New Footprint=0805
Change Component Footprint: Designator=R21 Old Footprint=0603 New Footprint=0805
Change Component Footprint: Designator=R22 Old Footprint=0603 New Footprint=0805
Change Component Footprint: Designator=R23 Old Footprint=0603 New Footprint=0805
Change Component Footprint: Designator=R24 Old Footprint=0603 New Footprint=0805
Change Component Footprint: Designator=R25 Old Footprint=0603 New Footprint=0805
Change Component Footprint: Designator=R27 Old Footprint=0603 New Footprint=0805
Change Component Footprint: Designator=C9 Old Footprint=0603 New Footprint=C1
Change Component Footprint: Designator=C10 Old Footprint=0603 New Footprint=C1
Change Component Footprint: Designator=C5 Old Footprint=0603 New Footprint=SW-06
Change Component Footprint: Designator=C3 Old Footprint=0805 New Footprint=SW-06
Change Component Footprint: Designator=D2 Old Footprint=4148 New Footprint=SMD-D1
Change Component Footprint: Designator=U1 Old Footprint=ENC28J60_SSOP_28 New Footprint=44
Change Component Comment : Designator=C2 Old Comment=0.01uF New Comment=102
Change Component Comment : Designator=C10 Old Comment=0.1UF New Comment=103
Change Component Comment : Designator=C9 Old Comment=0.1UF New Comment=103
Change Component Comment : Designator=R12 Old Comment=1K New Comment=1K5
Change Component Comment : Designator=R13 Old Comment=1K New Comment=2.7K
Change Component Comment : Designator=R2 Old Comment=1K New Comment=2.7K
Change Component Comment : Designator=R1 Old Comment=1K New Comment=2.7K
Change Component Comment : Designator=R6 Old Comment=1k New Comment=3K
Change Component Comment : Designator=R9 Old Comment=2.7K New Comment=1K
Change Component Comment : Designator=R7 Old Comment=2.7K New Comment=1K
Change Component Comment : Designator=C3 Old Comment=10uF New Comment=6V/470u(8)
Change Component Comment : Designator=C5 Old Comment=30P New Comment=25V/22u(6)
Change Component Comment : Designator=R10 Old Comment=100K New Comment=1K
Change Component Comment : Designator=R14 Old Comment=100K New Comment=2.7K
Change Component Comment : Designator=R11 Old Comment=100K New Comment=3K
Change Component Comment : Designator=R19 Old Comment=220 New Comment=10K
Change Component Comment : Designator=R27 Old Comment=220 New Comment=100K
Change Component Comment : Designator=R22 Old Comment=220 New Comment=100K
Change Component Comment : Designator=R21 Old Comment=220 New Comment=100K
Change Component Comment : Designator=D2 Old Comment=4148 New Comment=SS12
Change Component Comment : Designator=U1 Old Comment=ENC28J60 New Comment=LM2596S-ADJ
Change Component Designator: OldDesignator=C4 NewDesignator=C7
Change Component Designator: OldDesignator=C11 NewDesignator=C12
Change Component Designator: OldDesignator=C12 NewDesignator=C13
Change Component Designator: OldDesignator=C13 NewDesignator=C14
Change Component Designator: OldDesignator=C14 NewDesignator=C15
Added Component: Designator=C4(0805)
Added Component: Designator=C6(SW-06)
Added Component: Designator=C8(0805)
Added Component: Designator=C11(0805)
Added Component: Designator=D1(SMD-D1)
Added Component: Designator=J1(J2.0-2*10)
Added Component: Designator=JHR1(SMD-16B)
Added Component: Designator=L2(55)
Added Component: Designator=LED3(0805)
Added Component: Designator=LED4(LED0805)
Added Component: Designator=Q1(SMD-Q1)
Added Component: Designator=R8(0805)
Added Component: Designator=R15(0805)
Added Component: Designator=R16(0805)
Added Component: Designator=R17(0805)
Added Component: Designator=R18(0805)
Added Component: Designator=R20(0805)
Added Component: Designator=R26(0805)
Added Component: Designator=RJ1(RJ45)
Added Component: Designator=U2(SOP-28)
Added Pin To Net: NetName=GND Pin=C4-2
Added Pin To Net: NetName=GND Pin=C5-2
Added Pin To Net: NetName=NetC6_1 Pin=C6-1
Added Pin To Net: NetName=GND Pin=C6-2
Added Pin To Net: NetName=GND Pin=C8-1
Added Pin To Net: NetName=VCC3P3 Pin=C11-1
Added Pin To Net: NetName=GND Pin=C11-2
Added Pin To Net: NetName=GND Pin=D2-1
Added Pin To Net: NetName=GND Pin=J1-2
Added Pin To Net: NetName=GND Pin=J1-3
Added Pin To Net: NetName=TPIN- Pin=JHR1-9
Added Pin To Net: NetName=TPIN+ Pin=JHR1-11
Added Pin To Net: NetName=TPOUT- Pin=JHR1-14
Added Pin To Net: NetName=TPOUT+ Pin=JHR1-16
Added Pin To Net: NetName=GND Pin=Q1-E
Added Pin To Net: NetName=GND Pin=R7-2
Added Pin To Net: NetName=TPIN- Pin=R8-1
Added Pin To Net: NetName=GND Pin=R9-1
Added Pin To Net: NetName=GND Pin=R11-1
Added Pin To Net: NetName=LEDA Pin=R13-1
Added Pin To Net: NetName=LEDB Pin=R14-1
Added Pin To Net: NetName=TCT Pin=R15-1
Added Pin To Net: NetName=T_RST Pin=R18-2
Added Pin To Net: NetName=GND Pin=R20-2
Added Pin To Net: NetName=GND Pin=R21-1
Added Pin To Net: NetName=BOOT0 Pin=R21-2
Added Pin To Net: NetName=VCC3P3 Pin=R22-1
Added Pin To Net: NetName=T_RST Pin=R22-2
Added Pin To Net: NetName=PB11 Pin=R25-1
Added Pin To Net: NetName=PB10 Pin=R26-1
Added Pin To Net: NetName=GND Pin=R27-1
Added Pin To Net: NetName=PB2 Pin=R27-2
Added Pin To Net: NetName=GND Pin=RJ1-9
Added Pin To Net: NetName=GND Pin=RJ1-10
Added Pin To Net: NetName=GND Pin=U1-3
Added Pin To Net: NetName=GND Pin=U1-6
Added Pin To Net: NetName=NetC6_1 Pin=U2-1
Added Pin To Net: NetName=GND Pin=U2-2
Added Pin To Net: NetName=CLKOUT Pin=U2-3
Added Pin To Net: NetName=INT(PB0) Pin=U2-4
Added Pin To Net: NetName=WOL Pin=U2-5
Added Pin To Net: NetName=S2_MISO Pin=U2-6
Added Pin To Net: NetName=S2_MOSI Pin=U2-7
Added Pin To Net: NetName=S2_CLK Pin=U2-8
Added Pin To Net: NetName=CS Pin=U2-9
Added Pin To Net: NetName=RST Pin=U2-10
Added Pin To Net: NetName=GND Pin=U2-11
Added Pin To Net: NetName=TPIN- Pin=U2-12
Added Pin To Net: NetName=TPIN+ Pin=U2-13
Added Pin To Net: NetName=VCC3P3 Pin=U2-15
Added Pin To Net: NetName=TPOUT- Pin=U2-16
Added Pin To Net: NetName=TPOUT+ Pin=U2-17
Added Pin To Net: NetName=GND Pin=U2-18
Added Pin To Net: NetName=VCC3P3 Pin=U2-19
Added Pin To Net: NetName=VCC3P3 Pin=U2-20
Added Pin To Net: NetName=GND Pin=U2-21
Added Pin To Net: NetName=GND Pin=U2-22
Added Pin To Net: NetName=VCC3P3 Pin=U2-25
Added Pin To Net: NetName=NetR13_2 Pin=U2-27
Added Pin To Net: NetName=VCC3P3 Pin=U2-28
Added Pin To Net: NetName=+5 Pin=C2-1
Added Pin To Net: NetName=+5 Pin=C3-1
Added Pin To Net: NetName=+5 Pin=L2-2
Added Pin To Net: NetName=+5 Pin=LED3-1
Added Pin To Net: NetName=+5 Pin=LED4-1
Added Pin To Net: NetName=+5 Pin=R6-2
Added Pin To Net: NetName=+5 Pin=R9-2
Added Net: Name=+5
Added Pin To Net: NetName=+12 Pin=D1-1
Added Pin To Net: NetName=+12 Pin=J1-1
Added Net: Name=+12
Added Pin To Net: NetName=ERX+ Pin=JHR1-6
Added Pin To Net: NetName=ERX+ Pin=RJ1-3
Added Net: Name=ERX+
Added Pin To Net: NetName=ERX- Pin=JHR1-8
Added Pin To Net: NetName=ERX- Pin=RJ1-6
Added Net: Name=ERX-
Added Pin To Net: NetName=ETX+ Pin=JHR1-1
Added Pin To Net: NetName=ETX+ Pin=RJ1-1
Added Net: Name=ETX+
Added Pin To Net: NetName=ETX- Pin=JHR1-3
Added Pin To Net: NetName=ETX- Pin=RJ1-2
Added Net: Name=ETX-
Added Pin To Net: NetName=GP Pin=R7-1
Added Pin To Net: NetName=GP Pin=R17-1
Added Pin To Net: NetName=GP Pin=U1-5
Added Net: Name=GP
Added Pin To Net: NetName=L_C Pin=J1-7
Added Pin To Net: NetName=L_C Pin=R26-2
Added Net: Name=L_C
Added Pin To Net: NetName=L_S Pin=J1-8
Added Pin To Net: NetName=L_S Pin=R12-1
Added Pin To Net: NetName=L_S Pin=R25-2
Added Net: Name=L_S
Added Pin To Net: NetName=NetC2_2 Pin=C2-2
Added Pin To Net: NetName=NetC2_2 Pin=R6-1
Added Pin To Net: NetName=NetC2_2 Pin=R10-2
Added Pin To Net: NetName=NetC2_2 Pin=U1-4
Added Net: Name=NetC2_2
Added Pin To Net: NetName=NetC4_1 Pin=C4-1
Added Pin To Net: NetName=NetC4_1 Pin=R5-2
Added Pin To Net: NetName=NetC4_1 Pin=R8-2
Added Net: Name=NetC4_1
Added Pin To Net: NetName=NetC7_2 Pin=C7-2
Added Pin To Net: NetName=NetC7_2 Pin=U2-24
Added Pin To Net: NetName=NetC7_2 Pin=Y1-2
Added Net: Name=NetC7_2
Added Pin To Net: NetName=NetC8_2 Pin=C8-2
Added Pin To Net: NetName=NetC8_2 Pin=U2-23
Added Pin To Net: NetName=NetC8_2 Pin=Y1-1
Added Net: Name=NetC8_2
Added Pin To Net: NetName=NetC9_1 Pin=C9-1
Added Pin To Net: NetName=NetC9_1 Pin=JHR1-2
Added Net: Name=NetC9_1
Added Pin To Net: NetName=NetC10_1 Pin=C10-1
Added Pin To Net: NetName=NetC10_1 Pin=JHR1-7
Added Net: Name=NetC10_1
Added Pin To Net: NetName=NetD2_2 Pin=D2-2
Added Pin To Net: NetName=NetD2_2 Pin=L2-1
Added Pin To Net: NetName=NetD2_2 Pin=U1-2
Added Net: Name=NetD2_2
Added Pin To Net: NetName=NetJHR1_15 Pin=JHR1-15
Added Pin To Net: NetName=NetJHR1_15 Pin=R15-2
Added Net: Name=NetJHR1_15
Added Pin To Net: NetName=NetLED3_2 Pin=LED3-2
Added Pin To Net: NetName=NetLED3_2 Pin=R11-2
Added Net: Name=NetLED3_2
Added Pin To Net: NetName=NetLED4_2 Pin=LED4-2
Added Pin To Net: NetName=NetLED4_2 Pin=R12-2
Added Net: Name=NetLED4_2
Added Pin To Net: NetName=NetQ1_B Pin=Q1-B
Added Pin To Net: NetName=NetQ1_B Pin=R19-1
Added Net: Name=NetQ1_B
Added Pin To Net: NetName=NetQ1_C Pin=Q1-C
Added Pin To Net: NetName=NetQ1_C Pin=R16-1
Added Pin To Net: NetName=NetQ1_C Pin=R17-2
Added Pin To Net: NetName=NetQ1_C Pin=R18-1
Added Net: Name=NetQ1_C
Added Pin To Net: NetName=NetR14_2 Pin=R14-2
Added Pin To Net: NetName=NetR14_2 Pin=U2-26
Added Net: Name=NetR14_2
Added Pin To Net: NetName=NetR20_1 Pin=R20-1
Added Pin To Net: NetName=NetR20_1 Pin=U2-14
Added Net: Name=NetR20_1
Added Pin To Net: NetName=NetR23_2 Pin=R23-2
Added Pin To Net: NetName=NetR23_2 Pin=U3-31
Added Net: Name=NetR23_2
Added Pin To Net: NetName=NetR24_2 Pin=R24-2
Added Pin To Net: NetName=NetR24_2 Pin=U3-30
Added Net: Name=NetR24_2
Added Pin To Net: NetName=TRST Pin=J1-4
Added Pin To Net: NetName=TRST Pin=R19-2
Added Net: Name=TRST
Added Pin To Net: NetName=TRXD Pin=J1-5
Added Pin To Net: NetName=TRXD Pin=R24-1
Added Net: Name=TRXD
Added Pin To Net: NetName=TTXD Pin=J1-6
Added Pin To Net: NetName=TTXD Pin=R23-1
Added Net: Name=TTXD
Added Pin To Net: NetName=VIN Pin=C5-1
Added Pin To Net: NetName=VIN Pin=D1-2
Added Pin To Net: NetName=VIN Pin=R16-2
Added Pin To Net: NetName=VIN Pin=U1-1
Added Net: Name=VIN
Added Member To Class: ClassName=stm32+enc28 Member=Component C15 20P
Added Member To Class: ClassName=stm32+enc28 Member=Component D1 4004
Added Member To Class: ClassName=stm32+enc28 Member=Component J1 2.0*10
Added Member To Class: ClassName=stm32+enc28 Member=Component JHR1 
Added Member To Class: ClassName=stm32+enc28 Member=Component L2 100u
Added Member To Class: ClassName=stm32+enc28 Member=Component LED3 ºìÉ«
Added Member To Class: ClassName=stm32+enc28 Member=Component LED4 R-0805
Added Member To Class: ClassName=stm32+enc28 Member=Component Q1 2N5551
Added Member To Class: ClassName=stm32+enc28 Member=Component R15 100
Added Member To Class: ClassName=stm32+enc28 Member=Component R16 100K
Added Member To Class: ClassName=stm32+enc28 Member=Component R17 220
Added Member To Class: ClassName=stm32+enc28 Member=Component R18 220
Added Member To Class: ClassName=stm32+enc28 Member=Component R20 2.7K
Added Member To Class: ClassName=stm32+enc28 Member=Component R26 220
Added Member To Class: ClassName=stm32+enc28 Member=Component RJ1 CON10
Added Room: Name=stm32+enc28
