Change Component Designator: Old Designator=C1 New Designator=C2
Change Component Designator: Old Designator=C2 New Designator=C1
Change Component Designator: Old Designator=C4 New Designator=C5
Change Component Designator: Old Designator=C5 New Designator=C4
Change Component Designator: Old Designator=C8 New Designator=C9
Change Component Designator: Old Designator=C9 New Designator=C10
Change Component Designator: Old Designator=C12 New Designator=C8
Change Component Designator: Old Designator=C17 New Designator=C11
Change Component Designator: Old Designator=C18 New Designator=C12
Change Component Designator: Old Designator=C19 New Designator=C13
Change Component Designator: Old Designator=C20 New Designator=C14
Change Component Designator: Old Designator=C21 New Designator=C15
Change Component Designator: Old Designator=J2 New Designator=J1
Change Component Designator: Old Designator=L1 New Designator=L2
Change Component Designator: Old Designator=L2 New Designator=L1
Change Component Designator: Old Designator=R4 New Designator=R3
Change Component Designator: Old Designator=R5 New Designator=R6
Change Component Designator: Old Designator=R7 New Designator=R4
Change Component Designator: Old Designator=R9 New Designator=R8
Change Component Designator: Old Designator=R10 New Designator=R9
Change Component Designator: Old Designator=R11 New Designator=R10
Change Component Designator: Old Designator=R13 New Designator=R11
Change Component Designator: Old Designator=R15 New Designator=R5
Change Component Designator: Old Designator=R17 New Designator=R7
Change Component Designator: Old Designator=R18 New Designator=R15
Change Component Designator: Old Designator=R21 New Designator=R16
Change Component Designator: Old Designator=R26 New Designator=R1
Change Component Designator: Old Designator=R26 New Designator=R2
Change Component Designator: Old Designator=R26 New Designator=R12
Change Component Designator: Old Designator=R26 New Designator=R13
Change Component Designator: Old Designator=R26 New Designator=R14
Change Component Designator: Old Designator=R26 New Designator=R17
Change Component Designator: Old Designator=R26 New Designator=R18
Change Component Designator: Old Designator=R26 New Designator=R19
Change Component Designator: Old Designator=R26 New Designator=R20
Change Component Designator: Old Designator=R26 New Designator=R21
Change Component Designator: Old Designator=R26 New Designator=R22
Change Component Designator: Old Designator=R26 New Designator=R23
Change Component Designator: Old Designator=R26 New Designator=R24
Change Component Designator: Old Designator=R26 New Designator=R25
Change Component Designator: Old Designator=U4 New Designator=U3
